  Animation.cpp
G:\HEH\C++\Projet JV\SFML config1\Animation.cpp(10,38): warning C4244: '=': conversion from 'float' to 'T', possible loss of data
          with
          [
              T=int
          ]
G:\HEH\C++\Projet JV\SFML config1\Animation.cpp(11,39): warning C4244: '=': conversion from 'float' to 'T', possible loss of data
          with
          [
              T=int
          ]
  AssetManager.cpp
  Collider.cpp
  MapGenerator.cpp
G:\HEH\C++\Projet JV\SFML config1\MapGenerator.cpp(20,48): warning C4244: '+=': conversion from 'T' to 'int', possible loss of data
          with
          [
              T=float
          ]
G:\HEH\C++\Projet JV\SFML config1\MapGenerator.cpp(22,49): warning C4244: '+=': conversion from 'T' to 'int', possible loss of data
          with
          [
              T=float
          ]
G:\HEH\C++\Projet JV\SFML config1\MapGenerator.cpp(24,74): warning C4244: 'argument': conversion from 'int' to 'T', possible loss of data
          with
          [
              T=float
          ]
G:\HEH\C++\Projet JV\SFML config1\MapGenerator.cpp(24,71): warning C4244: 'argument': conversion from 'int' to 'T', possible loss of data
          with
          [
              T=float
          ]
  Platforme.cpp
  Player.cpp
  sfml_app.cpp
G:\HEH\C++\Projet JV\SFML config1\sfml_app.cpp(27,126): warning C4244: 'argument': conversion from 'int' to 'T', possible loss of data
          with
          [
              T=float
          ]
G:\HEH\C++\Projet JV\SFML config1\sfml_app.cpp(27,123): warning C4244: 'argument': conversion from 'int' to 'T', possible loss of data
          with
          [
              T=float
          ]
  Generating Code...
  SFML config1.vcxproj -> G:\HEH\C++\Projet JV\Debug\SFML config1.exe
